<?xml version="1.0" encoding="UTF-8"?>
<!-- Generated by org.testng.reporters.JUnitReportReporter -->
<testsuite hostname="CIT021868" failures="0" tests="2" name="com.tests.podiun.LoginTest" time="12.604" errors="0" timestamp="2020-12-18T11:34:58 BRT" skipped="0">
  <testcase classname="com.tests.podiun.LoginTest" name="verifyMandatoryEmail" time="4.913"/>
  <system-out>
Verifying Mandatory Email feature  </system-out>
  <testcase classname="com.tests.podiun.LoginTest" name="verifyPassowrdField" time="7.691"/>
  <system-out>
Verifying Password Field  </system-out>
</testsuite> <!-- com.tests.podiun.LoginTest -->
