<?xml version="1.0" encoding="UTF-8"?>
<!-- Generated by org.testng.reporters.JUnitReportReporter -->
<testsuite hostname="CIT021868" failures="0" tests="3" name="com.tests.podiun.HomeTest" time="23.218" errors="0" timestamp="2020-12-18T11:34:58 BRT" skipped="0">
  <testcase classname="com.tests.podiun.HomeTest" name="verifySubMenuReviewLink" time="11.094"/>
  <system-out>
Verifying SubMenu ReviewsLink  </system-out>
  <testcase classname="com.tests.podiun.HomeTest" name="verifyHomePage" time="6.055"/>
  <system-out/>
  <testcase classname="com.tests.podiun.HomeTest" name="verifySubMenuDisplayed" time="6.069"/>
  <system-out>
Verifying SubMenu displayed  </system-out>
</testsuite> <!-- com.tests.podiun.HomeTest -->
